0
0.000250173
0.00115075
0
0.000918886
0.00201298
0
0.00189091
0.00261064
0
0.00306099
0.00296762
0
0.00433381
0.00310774
0
0.00562395
0.00305472
0
0.00685587
0.00283221
0
0.00796386
0.00246378
0
0.00889201
0.0019729
0
0.0095942
0.00138304
0
0.0100341
0.000717607
0
0.010185
-5.44645e-16
0
0.0100341
-0.000717607
0
0.0095942
-0.00138304
0
0.00889201
-0.0019729
0
0.00796386
-0.00246378
0
0.00685587
-0.00283221
0
0.00562395
-0.00305472
0
0.00433381
-0.00310774
0
0.00306099
-0.00296762
0
0.00189091
-0.00261064
0
0.000918886
-0.00201298
0
0.000250173
-0.00115075
