0
0.000113976
0.000798132
0
0.000431239
0.00146486
0
0.000916273
0.00200725
0
0.00153552
0.0024324
0
0.0022574
0.00274736
0
0.00305228
0.00295916
0
0.00389248
0.00307485
0
0.00475229
0.00310144
0
0.00560791
0.00304593
0
0.00643751
0.0029153
0
0.00722121
0.00271653
0
0.00794103
0.00245656
0
0.00858094
0.00214235
0
0.00912684
0.00178083
0
0.00956655
0.00137892
0
0.00988981
0.000943541
0
0.0100883
0.000481601
0
0.0101555
-1.73561e-15
0
0.0100883
-0.000481601
0
0.00988981
-0.000943541
0
0.00956655
-0.00137892
0
0.00912684
-0.00178083
0
0.00858094
-0.00214235
0
0.00794103
-0.00245656
0
0.00722121
-0.00271653
0
0.00643751
-0.0029153
0
0.00560791
-0.00304593
0
0.00475229
-0.00310144
0
0.00389248
-0.00307485
0
0.00305228
-0.00295916
0
0.0022574
-0.00274736
0
0.00153552
-0.0024324
0
0.000916273
-0.00200725
0
0.000431239
-0.00146486
0
0.000113976
-0.000798132
