0
0.000253582
0.00116656
0
0.000931601
0.00204128
0
0.00191744
0.00264809
0
0.00310445
0.00301089
0
0.00439595
0.00315362
0
0.00570523
0.0031002
0
0.00695553
0.00287454
0
0.00808008
0.00250057
0
0.00902206
0.00200221
0
0.00973463
0.00140338
0
0.0101809
0.000728004
0
0.010334
-2.00914e-17
0
0.0101809
-0.000728004
0
0.00973463
-0.00140338
0
0.00902206
-0.00200221
0
0.00808008
-0.00250057
0
0.00695553
-0.00287454
0
0.00570523
-0.0031002
0
0.00439595
-0.00315362
0
0.00310445
-0.00301089
0
0.00191744
-0.00264809
0
0.000931601
-0.00204128
0
0.000253582
-0.00116656
